{"duration_seconds":null,"files_modified":[],"files_referenced":["/home/user/Opus-code-test/tests/unit/test_ml_export.py"],"id":"chat-20251216-173432-822dbf","query":"I check the build server and noticed the follow failing unit test(s):\n=================================== FAILURES ===================================\n_____________ TestExportData.test_export_csv_truncates_long_fields _____________\ntests/unit/test_ml_export.py:483: in test_export_csv_truncates_long_fields\n    self.assertLessEqual(len(row['output']), 1000)\nE   AssertionError: 2000 not less than or equal to 1000\n=========================== short test summary info ============================\nFAILED tests/unit/test_ml_export.py::TestExportData::test_export_csv_truncates_long_fields - AssertionError: 2000 not less than or equal to 1000\n======== 1 failed, 3647 passed, 21 skipped, 7 subtests passed in 16.25s ========\nError: Process completed with exit code 1.\nDo you see the issue?","query_tokens":76,"related_commit":null,"response":"Yes, I see the issue. The test expects the old hardcoded truncation of 1000 characters, but our T-003 implementation changed the default for output fields to 2000 characters.\n\nLet me fix the test:","response_tokens":33,"resulted_in_commit":false,"session_id":"be1c9999-f249-4a29-87d1-dacf5c74f6d5","timestamp":"2025-12-16T13:24:44.287Z","tool_outputs":[],"tools_used":["Grep"],"user_feedback":null}