{
  "id": "chat-20251216-143617-4a02d1",
  "timestamp": "2025-12-16T13:24:44.287Z",
  "session_id": "04421b9e-a40c-44a6-bd5d-eb8171de25a6",
  "query": "I check the build server and noticed the follow failing unit test(s):\n=================================== FAILURES ===================================\n_____________ TestExportData.test_export_csv_truncates_long_fields _____________\ntests/unit/test_ml_export.py:483: in test_export_csv_truncates_long_fields\n    self.assertLessEqual(len(row['output']), 1000)\nE   AssertionError: 2000 not less than or equal to 1000\n=========================== short test summary info ============================\nFAILED tests/unit/test_ml_export.py::TestExportData::test_export_csv_truncates_long_fields - AssertionError: 2000 not less than or equal to 1000\n======== 1 failed, 3647 passed, 21 skipped, 7 subtests passed in 16.25s ========\nError: Process completed with exit code 1.\nDo you see the issue?",
  "response": "Yes, I see the issue. The test expects the old hardcoded truncation of 1000 characters, but our T-003 implementation changed the default for output fields to 2000 characters.\n\nLet me fix the test:",
  "files_referenced": [
    "/home/user/Opus-code-test/tests/unit/test_ml_export.py"
  ],
  "files_modified": [],
  "tools_used": [
    "Grep"
  ],
  "tool_outputs": [],
  "user_feedback": null,
  "resulted_in_commit": true,
  "related_commit": "eeb7f1d65e7c4b3bb1dc9f159e05c82ae83c2ca7",
  "query_tokens": 76,
  "response_tokens": 33,
  "duration_seconds": null
}