{
  "id": "chat-20251216-110549-65a9f6",
  "timestamp": "2025-12-16T11:01:46.352Z",
  "session_id": "e48d9b89-f22e-444d-99ef-668f328b09f0",
  "query": "I checked the build server and noticed the following in the log:\n=========================== short test summary info ============================\nFAILED tests/unit/test_ml_file_prediction.py::TestPrediction::test_predict_returns_scores - AssertionError: 0 not greater than 0\nFAILED tests/unit/test_protobuf_serialization.py::TestEdgeSerialization::test_edge_default_values - RuntimeError: protoc compiler not found. Please install Protocol Buffers compiler:\n  Ubuntu/Debian: sudo apt-get install protobuf-compiler\n  macOS: brew install protobuf\n  Or compile protos manually: protoc --python_out=. schema.proto\nFAILED tests/unit/test_protobuf_serialization.py::TestEdgeSerialization::test_edge_round_trip - RuntimeError: protoc compiler not found. Please install Protocol Buffers compiler:\n  Ubuntu/Debian: sudo apt-get install protobuf-compiler\n  macOS: brew install protobuf\n  Or compile protos manually: protoc --python_out=. schema.proto\nFAILED tests/unit/test_protobuf_serialization.py::TestMinicolumnSerialization::test_empty_minicolumn - RuntimeError: protoc compiler not found. Please install Protocol Buffers compiler:\n  Ubuntu/Debian: sudo apt-get install protobuf-compiler\n  macOS: brew install protobuf\n  Or compile protos manually: protoc --python_out=. schema.proto\nFAILED tests/unit/test_protobuf_serialization.py::TestMinicolumnSerialization::test_minicolumn_basic - RuntimeError: protoc compiler not found. Please install Protocol Buffers compiler:\n  Ubuntu/Debian: sudo apt-get install protobuf-compiler\n  macOS: brew install protobuf\n  Or compile protos manually: protoc --python_out=. schema.proto\nFAILED tests/unit/test_protobuf_serialization.py::TestMinicolumnSerialization::test_minicolumn_with_cluster - RuntimeError: protoc compiler not found. Please install Protocol Buffers compiler:\n  Ubuntu/Debian: sudo apt-get install protobuf-compiler\n  macOS: brew install protobuf\n  Or compile protos manually: protoc --python_out=. schema.proto\nFAILED tests/unit/test_protobuf_serialization.py::TestMinicolumnSerialization::test_minicolumn_with_feedforward_feedback - RuntimeError: protoc compiler not found. Please install Protocol Buffers compiler:\n  Ubuntu/Debian: sudo apt-get install protobuf-compiler\n  macOS: brew install protobuf\n  Or compile protos manually: protoc --python_out=. schema.proto\nFAILED tests/unit/test_protobuf_serialization.py::TestMinicolumnSerialization::test_minicolumn_with_name_tokens - RuntimeError: protoc compiler not found. Please install Protocol Buffers compiler:\n  Ubuntu/Debian: sudo apt-get install protobuf-compiler\n  macOS: brew install protobuf\n  Or compile protos manually: protoc --python_out=. schema.proto\nFAILED tests/unit/test_protobuf_serialization.py::TestMinicolumnSerialization::test_minicolumn_with_tfidf_per_doc - RuntimeError: protoc compiler not found. Please install Protocol Buffers compiler:\n  Ubuntu/Debian: sudo apt-get install protobuf-compiler\n  macOS: brew install protobuf\n  Or compile protos manually: protoc --python_out=. schema.proto\nFAILED tests/unit/test_protobuf_serialization.py::TestLayerSerialization::test_empty_layer - RuntimeError: protoc compiler not found. Please install Protocol Buffers compiler:\n  Ubuntu/Debian: sudo apt-get install protobuf-compiler\n  macOS: brew install protobuf\n  Or compile protos manually: protoc --python_out=. schema.proto\nFAILED tests/unit/test_protobuf_serialization.py::TestLayerSerialization::test_layer_basic - RuntimeError: protoc compiler not found. Please install Protocol Buffers compiler:\n  Ubuntu/Debian: sudo apt-get install protobuf-compiler\n  macOS: brew install protobuf\n  Or compile protos manually: protoc --python_out=. schema.proto\nFAILED tests/unit/test_protobuf_serialization.py::TestProcessorStateSerialization::test_full_state_round_trip - RuntimeError: protoc compiler not found. Please install Protocol Buffers compiler:\n  Ubuntu/Debian: sudo apt-get install protobuf-compiler\n  macOS: brew install protobuf\n  Or compile protos manually: protoc --python_out=. schema.proto\nFAILED tests/unit/test_protobuf_serialization.py::TestProcessorStateSerialization::test_minimal_state - RuntimeError: protoc compiler not found. Please install Protocol Buffers compiler:\n  Ubuntu/Debian: sudo apt-get install protobuf-compiler\n  macOS: brew install protobuf\n  Or compile protos manually: protoc --python_out=. schema.proto\nFAILED tests/unit/test_protobuf_serialization.py::TestPersistenceIntegration::test_auto_detect_format - RuntimeError: protoc compiler not found. Please install Protocol Buffers compiler:\n  Ubuntu/Debian: sudo apt-get install protobuf-compiler\n  macOS: brew install protobuf\n  Or compile protos manually: protoc --python_out=. schema.proto\nFAILED tests/unit/test_protobuf_serialization.py::TestPersistenceIntegration::test_save_and_load_protobuf - RuntimeError: protoc compiler not found. Please install Protocol Buffers compiler:\n  Ubuntu/Debian: sudo apt-get install protobuf-compiler\n  macOS: brew install protobuf\n  Or compile protos manually: protoc --python_out=. schema.proto\nFAILED tests/unit/test_protobuf_serialization.py::TestComplexDataStructures::test_large_embeddings - RuntimeError: protoc compiler not found. Please install Protocol Buffers compiler:\n  Ubuntu/Debian: sudo apt-get install protobuf-compiler\n  macOS: brew install protobuf\n  Or compile protos manually: protoc --python_out=. schema.proto\nFAILED tests/unit/test_protobuf_serialization.py::TestComplexDataStructures::test_many_semantic_relations - RuntimeError: protoc compiler not found. Please install Protocol Buffers compiler:\n  Ubuntu/Debian: sudo apt-get install protobuf-compiler\n  macOS: brew install protobuf\n  Or compile protos manually: protoc --python_out=. schema.proto\nFAILED tests/unit/test_protobuf_serialization.py::TestComplexDataStructures::test_nested_metadata - RuntimeError: protoc compiler not found. Please install Protocol Buffers compiler:\n  Ubuntu/Debian: sudo apt-get install protobuf-compiler\n  macOS: brew install protobuf\n  Or compile protos manually: protoc --python_out=. schema.proto\n======== 18 failed, 3649 passed, 2 skipped, 7 subtests passed in 20.39s ========\nError: Process completed with exit code 1.\nWhat are your thoughts?",
  "response": "Two issues to fix:\n\n1. **Protobuf tests** - They're running despite being marked `optional` because CI uses `-m \"\"`. The tests need a runtime skip when `protoc` isn't available.\n\n2. **ML prediction test** - `test_predict_returns_scores` failing with `0 not greater than 0` - separate bug.\n\nLet me investigate and fix both:",
  "files_referenced": [
    "/home/user/Opus-code-test/tests/unit/test_ml_file_prediction.py",
    "/home/user/Opus-code-test/tests/unit/test_protobuf_serialization.py"
  ],
  "files_modified": [],
  "tools_used": [
    "Read"
  ],
  "tool_outputs": [],
  "user_feedback": null,
  "resulted_in_commit": false,
  "related_commit": null,
  "query_tokens": 544,
  "response_tokens": 51,
  "duration_seconds": null
}