{
  "id": "chat-20251217-100513-b62a86",
  "timestamp": "2025-12-17T10:03:22.208Z",
  "session_id": "1fe94a0f-8c7b-4ec9-8bc3-34bc902a2631",
  "query": "pull the latest.\nI noticed the following errors in test_performance.py:\n\n=================================== FAILURES ===================================\n______ TestScalabilityIndicators.test_document_processing_scales_linearly ______\ntests/performance/test_performance.py:283: in test_document_processing_scales_linearly\n    assert time_15_docs < expected_max, (\nE   AssertionError: Processing 15 docs took 0.082s, but 5 docs took 0.001s (baseline: 0.010s). Expected roughly linear scaling (< 0.050s). Possible O(n^2) issue in document processing.\nE   assert 0.0816042089999982 < 0.05\n=========================== short test summary info ============================\nFAILED tests/performance/test_performance.py::TestScalabilityIndicators::test_document_processing_scales_linearly - AssertionError: Processing 15 docs took 0.082s, but 5 docs took 0.001s (baseline: 0.010s). Expected roughly linear scaling (< 0.050s). Possible O(n^2) issue in document processing.\nassert 0.0816042089999982 < 0.05\n========================= 1 failed, 20 passed in 3.85s =========================\nThe next error is in showcase.py:\nTraceback (most recent call last):\n  File \"/home/runner/work/Opus-code-test/Opus-code-test/showcase.py\", line 683, in <module>\n    showcase.run()\n  File \"/home/runner/work/Opus-code-test/Opus-code-test/showcase.py\", line 66, in run\n    self.demonstrate_queries()\n  File \"/home/runner/work/Opus-code-test/Opus-code-test/showcase.py\", line 295, in demonstrate_queries\n    start = time.perf_counter()\n            ^^^^\nNameError: name 'time' is not defined. Did you mean: 'Timer'?\nWhen you done fixing the above issues, ask me some questions related  to what we should work on next, what are your thoughts?\nThanks for your attention to detail, I really appreciate it and the work you've done.\nGreat job!",
  "response": "Let me pull the latest and fix those issues.",
  "files_referenced": [],
  "files_modified": [],
  "tools_used": [
    "Bash"
  ],
  "tool_outputs": [],
  "user_feedback": null,
  "resulted_in_commit": false,
  "related_commit": null,
  "query_tokens": 186,
  "response_tokens": 9,
  "duration_seconds": null
}